{"C:\\Users\\pro10\\Desktop\\Rider-maps\\src\\DAL\\AddressListDAL.js": {"path":"C:\\Users\\pro10\\Desktop\\Rider-maps\\src\\DAL\\AddressListDAL.js","statementMap":{"0":{"start":{"line":4,"column":4},"end":{"line":30,"column":5}},"1":{"start":{"line":5,"column":25},"end":{"line":5,"column":68}},"2":{"start":{"line":6,"column":21},"end":{"line":6,"column":42}},"3":{"start":{"line":8,"column":8},"end":{"line":26,"column":11}},"4":{"start":{"line":9,"column":29},"end":{"line":9,"column":112}},"5":{"start":{"line":10,"column":29},"end":{"line":15,"column":13}},"6":{"start":{"line":17,"column":29},"end":{"line":17,"column":64}},"7":{"start":{"line":19,"column":38},"end":{"line":21,"column":13}},"8":{"start":{"line":20,"column":16},"end":{"line":20,"column":99}},"9":{"start":{"line":23,"column":26},"end":{"line":23,"column":84}},"10":{"start":{"line":25,"column":12},"end":{"line":25,"column":74}},"11":{"start":{"line":28,"column":8},"end":{"line":28,"column":39}},"12":{"start":{"line":29,"column":8},"end":{"line":29,"column":18}}},"fnMap":{"0":{"name":"getAllAddresses","decl":{"start":{"line":3,"column":15},"end":{"line":3,"column":30}},"loc":{"start":{"line":3,"column":33},"end":{"line":31,"column":1}},"line":3},"1":{"name":"(anonymous_1)","decl":{"start":{"line":8,"column":24},"end":{"line":8,"column":25}},"loc":{"start":{"line":8,"column":32},"end":{"line":26,"column":9}},"line":8},"2":{"name":"(anonymous_2)","decl":{"start":{"line":19,"column":72},"end":{"line":19,"column":73}},"loc":{"start":{"line":20,"column":16},"end":{"line":20,"column":99}},"line":20}},"branchMap":{},"s":{"0":2,"1":2,"2":1,"3":1,"4":1,"5":1,"6":1,"7":1,"8":1,"9":1,"10":1,"11":1,"12":1},"f":{"0":2,"1":1,"2":1},"b":{},"_coverageSchema":"1a1c01bbd47fc00a2c39e90264f33305004495a9","hash":"6dbb0c4c13362e062dd14d1a551d911fb6b830d4"}
,"C:\\Users\\pro10\\Desktop\\Rider-maps\\src\\DTO\\AddressDTO.js": {"path":"C:\\Users\\pro10\\Desktop\\Rider-maps\\src\\DTO\\AddressDTO.js","statementMap":{"0":{"start":{"line":3,"column":8},"end":{"line":3,"column":21}},"1":{"start":{"line":4,"column":8},"end":{"line":4,"column":27}},"2":{"start":{"line":5,"column":8},"end":{"line":5,"column":39}},"3":{"start":{"line":11,"column":8},"end":{"line":11,"column":51}},"4":{"start":{"line":12,"column":8},"end":{"line":12,"column":33}},"5":{"start":{"line":13,"column":8},"end":{"line":13,"column":25}},"6":{"start":{"line":19,"column":8},"end":{"line":19,"column":33}},"7":{"start":{"line":20,"column":8},"end":{"line":20,"column":33}},"8":{"start":{"line":26,"column":8},"end":{"line":26,"column":23}},"9":{"start":{"line":27,"column":8},"end":{"line":27,"column":23}},"10":{"start":{"line":33,"column":8},"end":{"line":33,"column":27}},"11":{"start":{"line":34,"column":8},"end":{"line":34,"column":25}},"12":{"start":{"line":35,"column":8},"end":{"line":35,"column":27}},"13":{"start":{"line":36,"column":8},"end":{"line":36,"column":25}},"14":{"start":{"line":42,"column":8},"end":{"line":42,"column":33}},"15":{"start":{"line":43,"column":8},"end":{"line":43,"column":35}},"16":{"start":{"line":44,"column":8},"end":{"line":44,"column":27}}},"fnMap":{"0":{"name":"(anonymous_0)","decl":{"start":{"line":2,"column":4},"end":{"line":2,"column":5}},"loc":{"start":{"line":2,"column":40},"end":{"line":6,"column":5}},"line":2},"1":{"name":"(anonymous_1)","decl":{"start":{"line":10,"column":4},"end":{"line":10,"column":5}},"loc":{"start":{"line":10,"column":51},"end":{"line":14,"column":5}},"line":10},"2":{"name":"(anonymous_2)","decl":{"start":{"line":18,"column":4},"end":{"line":18,"column":5}},"loc":{"start":{"line":18,"column":36},"end":{"line":21,"column":5}},"line":18},"3":{"name":"(anonymous_3)","decl":{"start":{"line":25,"column":4},"end":{"line":25,"column":5}},"loc":{"start":{"line":25,"column":26},"end":{"line":28,"column":5}},"line":25},"4":{"name":"(anonymous_4)","decl":{"start":{"line":32,"column":4},"end":{"line":32,"column":5}},"loc":{"start":{"line":32,"column":42},"end":{"line":37,"column":5}},"line":32},"5":{"name":"(anonymous_5)","decl":{"start":{"line":41,"column":4},"end":{"line":41,"column":5}},"loc":{"start":{"line":41,"column":44},"end":{"line":45,"column":5}},"line":41}},"branchMap":{},"s":{"0":3,"1":3,"2":3,"3":3,"4":3,"5":3,"6":4,"7":4,"8":4,"9":4,"10":4,"11":4,"12":4,"13":4,"14":3,"15":3,"16":3},"f":{"0":3,"1":3,"2":4,"3":4,"4":4,"5":3},"b":{},"_coverageSchema":"1a1c01bbd47fc00a2c39e90264f33305004495a9","hash":"c1185d6b13ae87f60d7858ac210543f888e6ed39"}
,"C:\\Users\\pro10\\Desktop\\Rider-maps\\tests\\modules\\autocomplete.js": {"path":"C:\\Users\\pro10\\Desktop\\Rider-maps\\tests\\modules\\autocomplete.js","statementMap":{"0":{"start":{"line":5,"column":13},"end":{"line":5,"column":35}},"1":{"start":{"line":9,"column":4},"end":{"line":23,"column":5}},"2":{"start":{"line":10,"column":25},"end":{"line":16,"column":10}},"3":{"start":{"line":18,"column":8},"end":{"line":18,"column":83}},"4":{"start":{"line":18,"column":59},"end":{"line":18,"column":81}},"5":{"start":{"line":21,"column":8},"end":{"line":21,"column":43}},"6":{"start":{"line":22,"column":8},"end":{"line":22,"column":18}},"7":{"start":{"line":27,"column":0},"end":{"line":33,"column":3}}},"fnMap":{"0":{"name":"autocomplete","decl":{"start":{"line":8,"column":22},"end":{"line":8,"column":34}},"loc":{"start":{"line":8,"column":42},"end":{"line":24,"column":1}},"line":8},"1":{"name":"(anonymous_1)","decl":{"start":{"line":18,"column":45},"end":{"line":18,"column":46}},"loc":{"start":{"line":18,"column":59},"end":{"line":18,"column":81}},"line":18}},"branchMap":{},"s":{"0":1,"1":2,"2":2,"3":1,"4":3,"5":1,"6":1,"7":1},"f":{"0":2,"1":3},"b":{},"_coverageSchema":"1a1c01bbd47fc00a2c39e90264f33305004495a9","hash":"9106e41a1c30d8a8448cc403834d04723c5551be"}
,"C:\\Users\\pro10\\Desktop\\Rider-maps\\tests\\modules\\geocoding.js": {"path":"C:\\Users\\pro10\\Desktop\\Rider-maps\\tests\\modules\\geocoding.js","statementMap":{"0":{"start":{"line":5,"column":4},"end":{"line":18,"column":5}},"1":{"start":{"line":6,"column":25},"end":{"line":11,"column":10}},"2":{"start":{"line":13,"column":29},"end":{"line":13,"column":71}},"3":{"start":{"line":14,"column":8},"end":{"line":14,"column":28}},"4":{"start":{"line":16,"column":8},"end":{"line":16,"column":53}},"5":{"start":{"line":17,"column":8},"end":{"line":17,"column":20}}},"fnMap":{"0":{"name":"geocode","decl":{"start":{"line":4,"column":22},"end":{"line":4,"column":29}},"loc":{"start":{"line":4,"column":39},"end":{"line":19,"column":1}},"line":4}},"branchMap":{},"s":{"0":2,"1":2,"2":1,"3":1,"4":1,"5":1},"f":{"0":2},"b":{},"_coverageSchema":"1a1c01bbd47fc00a2c39e90264f33305004495a9","hash":"a188093a073ea0ef5df9ecdbcd501d8d90eea9e3"}
,"C:\\Users\\pro10\\Desktop\\Rider-maps\\tests\\modules\\routes.js": {"path":"C:\\Users\\pro10\\Desktop\\Rider-maps\\tests\\modules\\routes.js","statementMap":{"0":{"start":{"line":6,"column":4},"end":{"line":29,"column":5}},"1":{"start":{"line":7,"column":25},"end":{"line":13,"column":10}},"2":{"start":{"line":16,"column":8},"end":{"line":24,"column":9}},"3":{"start":{"line":18,"column":26},"end":{"line":18,"column":49}},"4":{"start":{"line":19,"column":12},"end":{"line":19,"column":25}},"5":{"start":{"line":22,"column":12},"end":{"line":22,"column":80}},"6":{"start":{"line":23,"column":12},"end":{"line":23,"column":24}},"7":{"start":{"line":27,"column":8},"end":{"line":27,"column":55}},"8":{"start":{"line":28,"column":8},"end":{"line":28,"column":20}}},"fnMap":{"0":{"name":"getRoute","decl":{"start":{"line":5,"column":22},"end":{"line":5,"column":30}},"loc":{"start":{"line":5,"column":52},"end":{"line":30,"column":1}},"line":5}},"branchMap":{"0":{"loc":{"start":{"line":16,"column":8},"end":{"line":24,"column":9}},"type":"if","locations":[{"start":{"line":16,"column":8},"end":{"line":24,"column":9}},{"start":{"line":20,"column":15},"end":{"line":24,"column":9}}],"line":16}},"s":{"0":3,"1":3,"2":2,"3":1,"4":1,"5":1,"6":1,"7":1,"8":1},"f":{"0":3},"b":{"0":[1,1]},"_coverageSchema":"1a1c01bbd47fc00a2c39e90264f33305004495a9","hash":"25233085c6b5ec4fb6e866952dd6ae687241c2be"}
}
