TN:
SF:src\DAL\AddressListDAL.js
FN:3,getAllAddresses
FN:8,(anonymous_1)
FN:19,(anonymous_2)
FNF:3
FNH:3
FNDA:2,getAllAddresses
FNDA:1,(anonymous_1)
FNDA:1,(anonymous_2)
DA:4,2
DA:5,2
DA:6,1
DA:8,1
DA:9,1
DA:10,1
DA:17,1
DA:19,1
DA:20,1
DA:23,1
DA:25,1
DA:28,1
DA:29,1
LF:13
LH:13
BRF:0
BRH:0
end_of_record
TN:
SF:src\DTO\AddressDTO.js
FN:2,(anonymous_0)
FN:10,(anonymous_1)
FN:18,(anonymous_2)
FN:25,(anonymous_3)
FN:32,(anonymous_4)
FN:41,(anonymous_5)
FNF:6
FNH:6
FNDA:3,(anonymous_0)
FNDA:3,(anonymous_1)
FNDA:4,(anonymous_2)
FNDA:4,(anonymous_3)
FNDA:4,(anonymous_4)
FNDA:3,(anonymous_5)
DA:3,3
DA:4,3
DA:5,3
DA:11,3
DA:12,3
DA:13,3
DA:19,4
DA:20,4
DA:26,4
DA:27,4
DA:33,4
DA:34,4
DA:35,4
DA:36,4
DA:42,3
DA:43,3
DA:44,3
LF:17
LH:17
BRF:0
BRH:0
end_of_record
TN:
SF:tests\modules\autocomplete.js
FN:8,autocomplete
FN:18,(anonymous_1)
FNF:2
FNH:2
FNDA:2,autocomplete
FNDA:3,(anonymous_1)
DA:5,1
DA:9,2
DA:10,2
DA:18,3
DA:21,1
DA:22,1
DA:27,1
LF:7
LH:7
BRF:0
BRH:0
end_of_record
TN:
SF:tests\modules\geocoding.js
FN:4,geocode
FNF:1
FNH:1
FNDA:2,geocode
DA:5,2
DA:6,2
DA:13,1
DA:14,1
DA:16,1
DA:17,1
LF:6
LH:6
BRF:0
BRH:0
end_of_record
TN:
SF:tests\modules\routes.js
FN:5,getRoute
FNF:1
FNH:1
FNDA:3,getRoute
DA:6,3
DA:7,3
DA:16,2
DA:18,1
DA:19,1
DA:22,1
DA:23,1
DA:27,1
DA:28,1
LF:9
LH:9
BRDA:16,0,0,1
BRDA:16,0,1,1
BRF:2
BRH:2
end_of_record
